<?xml version="1.0" encoding="utf-8"?><testsuites name="pytest tests"><testsuite name="pytest" errors="0" failures="0" skipped="0" tests="9" time="1.111" timestamp="2026-07-23T09:01:42.400222+00:00" hostname="agent-env-b2eb30ea-772d-44f6-afa8-631321cd87b8"><testcase classname="tests.backend_test.TestPackages" name="test_get_packages_returns_two" time="0.277" /><testcase classname="tests.backend_test.TestInquiries" name="test_create_inquiry_valid" time="0.323" /><testcase classname="tests.backend_test.TestPackages" name="test_get_package_by_id" time="0.048" /><testcase classname="tests.backend_test.TestInquiries" name="test_create_inquiry_invalid_email" time="0.088" /><testcase classname="tests.backend_test.TestPackages" name="test_get_package_404" time="0.047" /><testcase classname="tests.backend_test.TestRooms" name="test_get_rooms" time="0.048" /><testcase classname="tests.backend_test.TestInquiries" name="test_create_inquiry_missing_required" time="0.087" /><testcase classname="tests.backend_test.TestReviews" name="test_get_reviews" time="0.051" /><testcase classname="tests.backend_test.TestInquiries" name="test_list_inquiries_descending" time="0.133" /></testsuite></testsuites>